[    0.000000] Initializing cgroup subsys cpuset
[    0.000000] Initializing cgroup subsys cpu
[    0.000000] Initializing cgroup subsys cpuacct
[    0.000000] Linux version 4.4.0-178-generic (buildd@lgw01-amd64-017) (gcc version 5.4.0 20160609 (Ubuntu 5.4.0-6ubuntu1~16.04.12) ) #208-Ubuntu SMP Sun Apr 5 23:45:10 UTC 2020 (Ubuntu 4.4.0-178.208-generic 4.4.217)
[    0.000000] Command line: BOOT_IMAGE=/boot/vmlinuz-4.4.0-178-generic root=LABEL=cloudimg-rootfs ro console=tty1 console=ttyS0
[    0.000000] KERNEL supported cpus:
[    0.000000]   Intel GenuineIntel
[    0.000000]   AMD AuthenticAMD
[    0.000000]   Centaur CentaurHauls
[    0.000000] x86/fpu: xstate_offset[2]:  576, xstate_sizes[2]:  256
[    0.000000] x86/fpu: Supporting XSAVE feature 0x01: 'x87 floating point registers'
[    0.000000] x86/fpu: Supporting XSAVE feature 0x02: 'SSE registers'
[    0.000000] x86/fpu: Supporting XSAVE feature 0x04: 'AVX registers'
[    0.000000] x86/fpu: Enabled xstate features 0x7, context size is 832 bytes, using 'standard' format.
[    0.000000] e820: BIOS-provided physical RAM map:
[    0.000000] BIOS-e820: [mem 0x0000000000000000-0x000000000009fbff] usable
[    0.000000] BIOS-e820: [mem 0x000000000009fc00-0x000000000009ffff] reserved
[    0.000000] BIOS-e820: [mem 0x00000000000f0000-0x00000000000fffff] reserved
[    0.000000] BIOS-e820: [mem 0x0000000000100000-0x000000003ffeffff] usable
[    0.000000] BIOS-e820: [mem 0x000000003fff0000-0x000000003fffffff] ACPI data
[    0.000000] BIOS-e820: [mem 0x00000000fec00000-0x00000000fec00fff] reserved
[    0.000000] BIOS-e820: [mem 0x00000000fee00000-0x00000000fee00fff] reserved
[    0.000000] BIOS-e820: [mem 0x00000000fffc0000-0x00000000ffffffff] reserved
[    0.000000] NX (Execute Disable) protection: active
[    0.000000] SMBIOS 2.5 present.
[    0.000000] Hypervisor detected: KVM
[    0.000000] e820: last_pfn = 0x3fff0 max_arch_pfn = 0x400000000
[    0.000000] MTRR: Disabled
[    0.000000] x86/PAT: MTRRs disabled, skipping PAT initialization too.
[    0.000000] CPU MTRRs all blank - virtualized system.
[    0.000000] x86/PAT: Configuration [0-7]: WB  WT  UC- UC  WB  WT  UC- UC  
[    0.000000] found SMP MP-table at [mem 0x0009fff0-0x0009ffff] mapped at [ffff88000009fff0]
[    0.000000] Scanning 1 areas for low memory corruption
[    0.000000] RAMDISK: [mem 0x362e0000-0x37167fff]
[    0.000000] ACPI: Early table checksum verification disabled
[    0.000000] ACPI: RSDP 0x00000000000E0000 000024 (v02 VBOX  )
[    0.000000] ACPI: XSDT 0x000000003FFF0030 00003C (v01 VBOX   VBOXXSDT 00000001 ASL  00000061)
[    0.000000] ACPI: FACP 0x000000003FFF00F0 0000F4 (v04 VBOX   VBOXFACP 00000001 ASL  00000061)
[    0.000000] ACPI: DSDT 0x000000003FFF0470 002325 (v02 VBOX   VBOXBIOS 00000002 INTL 20100528)
[    0.000000] ACPI: FACS 0x000000003FFF0200 000040
[    0.000000] ACPI: FACS 0x000000003FFF0200 000040
[    0.000000] ACPI: APIC 0x000000003FFF0240 00005C (v02 VBOX   VBOXAPIC 00000001 ASL  00000061)
[    0.000000] ACPI: SSDT 0x000000003FFF02A0 0001CC (v01 VBOX   VBOXCPUT 00000002 INTL 20100528)
[    0.000000] No NUMA configuration found
[    0.000000] Faking a node at [mem 0x0000000000000000-0x000000003ffeffff]
[    0.000000] NODE_DATA(0) allocated [mem 0x3ffeb000-0x3ffeffff]
[    0.000000] kvm-clock: Using msrs 4b564d01 and 4b564d00
[    0.000000] kvm-clock: cpu 0, msr 0:3ffe3001, primary cpu clock
[    0.000000] kvm-clock: using sched offset of 4379218525 cycles
[    0.000000] clocksource: kvm-clock: mask: 0xffffffffffffffff max_cycles: 0x1cd42e4dffb, max_idle_ns: 881590591483 ns
[    0.000000] Zone ranges:
[    0.000000]   DMA      [mem 0x0000000000001000-0x0000000000ffffff]
[    0.000000]   DMA32    [mem 0x0000000001000000-0x000000003ffeffff]
[    0.000000]   Normal   empty
[    0.000000]   Device   empty
[    0.000000] Movable zone start for each node
[    0.000000] Early memory node ranges
[    0.000000]   node   0: [mem 0x0000000000001000-0x000000000009efff]
[    0.000000]   node   0: [mem 0x0000000000100000-0x000000003ffeffff]
[    0.000000] Initmem setup node 0 [mem 0x0000000000001000-0x000000003ffeffff]
[    0.000000] ACPI: PM-Timer IO Port: 0x4008
[    0.000000] IOAPIC[0]: apic_id 2, version 32, address 0xfec00000, GSI 0-23
[    0.000000] ACPI: INT_SRC_OVR (bus 0 bus_irq 0 global_irq 2 dfl dfl)
[    0.000000] ACPI: INT_SRC_OVR (bus 0 bus_irq 9 global_irq 9 low level)
[    0.000000] Using ACPI (MADT) for SMP configuration information
[    0.000000] smpboot: Allowing 2 CPUs, 0 hotplug CPUs
[    0.000000] PM: Registered nosave memory: [mem 0x00000000-0x00000fff]
[    0.000000] PM: Registered nosave memory: [mem 0x0009f000-0x0009ffff]
[    0.000000] PM: Registered nosave memory: [mem 0x000a0000-0x000effff]
[    0.000000] PM: Registered nosave memory: [mem 0x000f0000-0x000fffff]
[    0.000000] e820: [mem 0x40000000-0xfebfffff] available for PCI devices
[    0.000000] Booting paravirtualized kernel on KVM
[    0.000000] clocksource: refined-jiffies: mask: 0xffffffff max_cycles: 0xffffffff, max_idle_ns: 7645519600211568 ns
[    0.000000] setup_percpu: NR_CPUS:512 nr_cpumask_bits:512 nr_cpu_ids:2 nr_node_ids:1
[    0.000000] PERCPU: Embedded 33 pages/cpu @ffff88003fc00000 s95448 r8192 d31528 u1048576
[    0.000000] Built 1 zonelists in Node order, mobility grouping on.  Total pages: 257912
[    0.000000] Policy zone: DMA32
[    0.000000] Kernel command line: BOOT_IMAGE=/boot/vmlinuz-4.4.0-178-generic root=LABEL=cloudimg-rootfs ro console=tty1 console=ttyS0
[    0.000000] PID hash table entries: 4096 (order: 3, 32768 bytes)
[    0.000000] Memory: 997672K/1048120K available (8626K kernel code, 1336K rwdata, 4036K rodata, 1488K init, 1292K bss, 50448K reserved, 0K cma-reserved)
[    0.000000] SLUB: HWalign=64, Order=0-3, MinObjects=0, CPUs=2, Nodes=1
[    0.000000] Kernel/User page tables isolation: enabled
[    0.000000] Hierarchical RCU implementation.
[    0.000000] 	Build-time adjustment of leaf fanout to 64.
[    0.000000] 	RCU restricting CPUs from NR_CPUS=512 to nr_cpu_ids=2.
[    0.000000] RCU: Adjusting geometry for rcu_fanout_leaf=64, nr_cpu_ids=2
[    0.000000] NR_IRQS:33024 nr_irqs:440 16
[    0.000000] Console: colour VGA+ 80x25
[    0.000000] console [tty1] enabled
[    0.000000] console [ttyS0] enabled
[    0.000000] tsc: Detected 2300.000 MHz processor
[    0.194886] Calibrating delay loop (skipped) preset value.. 4600.00 BogoMIPS (lpj=9200000)
[    0.197140] pid_max: default: 32768 minimum: 301
[    0.199637] ACPI: Core revision 20150930
[    0.202545] ACPI: 2 ACPI AML tables successfully acquired and loaded
[    0.205534] Security Framework initialized
[    0.207398] Yama: becoming mindful.
[    0.209124] AppArmor: AppArmor initialized
[    0.210988] Dentry cache hash table entries: 131072 (order: 8, 1048576 bytes)
[    0.215240] Inode-cache hash table entries: 65536 (order: 7, 524288 bytes)
[    0.217519] Mount-cache hash table entries: 2048 (order: 2, 16384 bytes)
[    0.219321] Mountpoint-cache hash table entries: 2048 (order: 2, 16384 bytes)
[    0.221214] Initializing cgroup subsys io
[    0.222426] Initializing cgroup subsys memory
[    0.223571] Initializing cgroup subsys devices
[    0.224882] Initializing cgroup subsys freezer
[    0.226173] Initializing cgroup subsys net_cls
[    0.227434] Initializing cgroup subsys perf_event
[    0.228810] Initializing cgroup subsys net_prio
[    0.230202] Initializing cgroup subsys hugetlb
[    0.231430] Initializing cgroup subsys pids
[    0.242138] mce: CPU supports 0 MCE banks
[    0.243841] Last level iTLB entries: 4KB 1024, 2MB 1024, 4MB 1024
[    0.245657] Last level dTLB entries: 4KB 1024, 2MB 1024, 4MB 1024, 1GB 4
[    0.247544] Spectre V1 : Mitigation: usercopy/swapgs barriers and __user pointer sanitization
[    0.250810] Spectre V2 : Mitigation: Full generic retpoline
[    0.252884] Spectre V2 : Spectre v2 / SpectreRSB mitigation: Filling RSB on context switch
[    0.255934] Speculative Store Bypass: Vulnerable
[    0.257960] MDS: Mitigation: Clear CPU buffers
[    0.263381] Freeing SMP alternatives memory: 36K
[    0.270566] ftrace: allocating 32308 entries in 127 pages
[    0.332392] smpboot: APIC(0) Converting physical 0 to logical package 0
[    0.334235] smpboot: Max logical packages: 1
[    0.335580] x2apic enabled
[    0.336685] Switched APIC routing to physical x2apic.
[    0.339109] ..TIMER: vector=0x30 apic1=0 pin1=2 apic2=-1 pin2=-1
[    0.448914] smpboot: CPU0: Intel(R) Core(TM) i7-4650U CPU @ 1.70GHz (family: 0x6, model: 0x45, stepping: 0x1)
[    0.454338] Performance Events: unsupported p6 CPU model 69 no PMU driver, software events only.
[    0.476062] KVM setup paravirtual spinlock
[    0.478431] x86: Booting SMP configuration:
[    0.479650] .... node  #0, CPUs:      #1
[    0.481948] kvm-clock: cpu 1, msr 0:3ffe3041, secondary cpu clock
[    0.491045] mce: CPU supports 0 MCE banks
[    0.494570] x86: Booted up 1 node, 2 CPUs
[    0.496472] smpboot: Total of 2 processors activated (9200.00 BogoMIPS)
[    0.499499] devtmpfs: initialized
[    0.503374] evm: security.selinux
[    0.505424] evm: security.SMACK64
[    0.507345] evm: security.SMACK64EXEC
[    0.509355] evm: security.SMACK64TRANSMUTE
[    0.511506] evm: security.SMACK64MMAP
[    0.513189] evm: security.ima
[    0.514811] evm: security.capability
[    0.516421] clocksource: jiffies: mask: 0xffffffff max_cycles: 0xffffffff, max_idle_ns: 7645041785100000 ns
[    0.519513] futex hash table entries: 512 (order: 3, 32768 bytes)
[    0.521422] pinctrl core: initialized pinctrl subsystem
[    0.522986] RTC time: 16:05:00, date: 06/23/20
[    0.524402] NET: Registered protocol family 16
[    0.538713] cpuidle: using governor ladder
[    0.550352] cpuidle: using governor menu
[    0.552996] PCCT header not found.
[    0.555296] ACPI: bus type PCI registered
[    0.557637] acpiphp: ACPI Hot Plug PCI Controller Driver version: 0.5
[    0.560949] PCI: Using configuration type 1 for base access
[    0.575230] ACPI: Added _OSI(Module Device)
[    0.578124] ACPI: Added _OSI(Processor Device)
[    0.580677] ACPI: Added _OSI(3.0 _SCP Extensions)
[    0.584132] ACPI: Added _OSI(Processor Aggregator Device)
[    0.587174] ACPI: Executed 1 blocks of module-level executable AML code
[    0.590937] ACPI: Interpreter enabled
[    0.592166] ACPI: (supports S0 S5)
[    0.593222] ACPI: Using IOAPIC for interrupt routing
[    0.595102] PCI: Using host bridge windows from ACPI; if necessary, use "pci=nocrs" and report a bug
[    0.604631] ACPI: PCI Root Bridge [PCI0] (domain 0000 [bus 00-ff])
[    0.607709] acpi PNP0A03:00: _OSC: OS supports [ASPM ClockPM Segments MSI]
[    0.611575] acpi PNP0A03:00: _OSC: not requesting OS control; OS requires [ExtendedConfig ASPM ClockPM MSI]
[    0.615786] acpi PNP0A03:00: fail to add MMCONFIG information, can't access extended PCI configuration space under this bridge.
[    0.619641] PCI host bridge to bus 0000:00
[    0.620755] pci_bus 0000:00: root bus resource [io  0x0000-0x0cf7 window]
[    0.622689] pci_bus 0000:00: root bus resource [io  0x0d00-0xffff window]
[    0.624746] pci_bus 0000:00: root bus resource [mem 0x000a0000-0x000bffff window]
[    0.628002] pci_bus 0000:00: root bus resource [mem 0x40000000-0xfdffffff window]
[    0.630521] pci_bus 0000:00: root bus resource [bus 00-ff]
[    0.635278] pci 0000:00:01.1: legacy IDE quirk: reg 0x10: [io  0x01f0-0x01f7]
[    0.637146] pci 0000:00:01.1: legacy IDE quirk: reg 0x14: [io  0x03f6]
[    0.638908] pci 0000:00:01.1: legacy IDE quirk: reg 0x18: [io  0x0170-0x0177]
[    0.640869] pci 0000:00:01.1: legacy IDE quirk: reg 0x1c: [io  0x0376]
[    0.677426] pci 0000:00:07.0: quirk: [io  0x4000-0x403f] claimed by PIIX4 ACPI
[    0.679895] pci 0000:00:07.0: quirk: [io  0x4100-0x410f] claimed by PIIX4 SMB
[    0.696219] ACPI: PCI Interrupt Link [LNKA] (IRQs 5 9 10 *11)
[    0.700712] ACPI: PCI Interrupt Link [LNKB] (IRQs 5 9 *10 11)
[    0.710105] ACPI: PCI Interrupt Link [LNKC] (IRQs 5 *9 10 11)
[    0.713318] ACPI: PCI Interrupt Link [LNKD] (IRQs 5 9 10 *11)
[    0.719176] ACPI: Enabled 2 GPEs in block 00 to 07
[    0.721423] vgaarb: setting as boot device: PCI:0000:00:02.0
[    0.723116] vgaarb: device added: PCI:0000:00:02.0,decodes=io+mem,owns=io+mem,locks=none
[    0.725386] vgaarb: loaded
[    0.726199] vgaarb: bridge control possible 0000:00:02.0
[    0.728124] SCSI subsystem initialized
[    0.729707] ACPI: bus type USB registered
[    0.730849] usbcore: registered new interface driver usbfs
[    0.732392] usbcore: registered new interface driver hub
[    0.733805] usbcore: registered new device driver usb
[    0.735419] PCI: Using ACPI for IRQ routing
[    0.738622] NetLabel: Initializing
[    0.739738] NetLabel:  domain hash size = 128
[    0.740943] NetLabel:  protocols = UNLABELED CIPSOv4
[    0.742542] NetLabel:  unlabeled traffic allowed by default
[    0.744570] amd_nb: Cannot enumerate AMD northbridges
[    0.746026] clocksource: Switched to clocksource kvm-clock
[    0.759231] AppArmor: AppArmor Filesystem Enabled
[    0.761570] pnp: PnP ACPI init
[    0.764704] pnp: PnP ACPI: found 3 devices
[    0.778562] clocksource: acpi_pm: mask: 0xffffff max_cycles: 0xffffff, max_idle_ns: 2085701024 ns
[    0.781020] NET: Registered protocol family 2
[    0.782430] TCP established hash table entries: 8192 (order: 4, 65536 bytes)
[    0.784355] TCP bind hash table entries: 8192 (order: 5, 131072 bytes)
[    0.786041] TCP: Hash tables configured (established 8192 bind 8192)
[    0.787820] UDP hash table entries: 512 (order: 2, 16384 bytes)
[    0.789649] UDP-Lite hash table entries: 512 (order: 2, 16384 bytes)
[    0.791944] NET: Registered protocol family 1
[    0.799350] pci 0000:00:00.0: Limiting direct PCI/PCI transfers
[    0.802168] pci 0000:00:01.0: Activating ISA DMA hang workarounds
[    0.805575] Unpacking initramfs...
[    1.044665] Freeing initrd memory: 14880K
[    1.046298] RAPL PMU detected, API unit is 2^-32 Joules, 4 fixed counters 10737418240 ms ovfl timer
[    1.049558] hw unit of domain pp0-core 2^-0 Joules
[    1.051562] hw unit of domain package 2^-0 Joules
[    1.053295] hw unit of domain dram 2^-0 Joules
[    1.055093] hw unit of domain pp1-gpu 2^-0 Joules
[    1.056976] clocksource: tsc: mask: 0xffffffffffffffff max_cycles: 0x212735223b2, max_idle_ns: 440795277976 ns
[    1.060830] platform rtc_cmos: registered platform RTC device (no PNP device found)
[    1.064044] Scanning for low memory corruption every 60 seconds
[    1.066294] audit: initializing netlink subsys (disabled)
[    1.068094] audit: type=2000 audit(1592928306.683:1): initialized
[    1.069925] Initialise system trusted keyring
[    1.071694] HugeTLB registered 2 MB page size, pre-allocated 0 pages
[    1.075157] zbud: loaded
[    1.076314] VFS: Disk quotas dquot_6.6.0
[    1.077432] VFS: Dquot-cache hash table entries: 512 (order 0, 4096 bytes)
[    1.079966] squashfs: version 4.0 (2009/01/31) Phillip Lougher
[    1.081921] fuse init (API version 7.23)
[    1.083342] Key type big_key registered
[    1.084618] Allocating IMA MOK and blacklist keyrings.
[    1.088290] Key type asymmetric registered
[    1.089524] Asymmetric key parser 'x509' registered
[    1.090904] Block layer SCSI generic (bsg) driver version 0.4 loaded (major 249)
[    1.092976] io scheduler noop registered
[    1.094322] io scheduler deadline registered (default)
[    1.095757] io scheduler cfq registered
[    1.096982] pci_hotplug: PCI Hot Plug PCI Core version: 0.5
[    1.098811] pciehp: PCI Express Hot Plug Controller Driver version: 0.4
[    1.101552] ACPI: AC Adapter [AC] (on-line)
[    1.103394] input: Power Button as /devices/LNXSYSTM:00/LNXPWRBN:00/input/input0
[    1.106614] ACPI: Power Button [PWRF]
[    1.108143] input: Sleep Button as /devices/LNXSYSTM:00/LNXSLPBN:00/input/input1
[    1.112358] ACPI: Sleep Button [SLPF]
[    1.116055] ACPI: Battery Slot [BAT0] (battery present)
[    1.117606] GHES: HEST is not enabled!
[    1.118936] Serial: 8250/16550 driver, 32 ports, IRQ sharing enabled
[    1.141370] 00:02: ttyS0 at I/O 0x3f8 (irq = 4, base_baud = 115200) is a 16550A
[    1.144330] Linux agpgart interface v0.103
[    1.148021] loop: module loaded
[    1.150321] scsi host0: ata_piix
[    1.151908] scsi host1: ata_piix
[    1.153435] ata1: PATA max UDMA/33 cmd 0x1f0 ctl 0x3f6 bmdma 0xd000 irq 14
[    1.156273] ata2: PATA max UDMA/33 cmd 0x170 ctl 0x376 bmdma 0xd008 irq 15
[    1.158759] libphy: Fixed MDIO Bus: probed
[    1.160661] tun: Universal TUN/TAP device driver, 1.6
[    1.162646] tun: (C) 1999-2004 Max Krasnyansky <maxk@qualcomm.com>
[    1.164821] PPP generic driver version 2.4.2
[    1.166119] ehci_hcd: USB 2.0 'Enhanced' Host Controller (EHCI) Driver
[    1.167868] ehci-pci: EHCI PCI platform driver
[    1.169649] ehci-platform: EHCI generic platform driver
[    1.171093] ohci_hcd: USB 1.1 'Open' Host Controller (OHCI) Driver
[    1.172672] ohci-pci: OHCI PCI platform driver
[    1.173953] ohci-platform: OHCI generic platform driver
[    1.176028] uhci_hcd: USB Universal Host Controller Interface driver
[    1.177875] i8042: PNP: PS/2 Controller [PNP0303:PS2K,PNP0f03:PS2M] at 0x60,0x64 irq 1,12
[    1.180716] serio: i8042 KBD port at 0x60,0x64 irq 1
[    1.182022] serio: i8042 AUX port at 0x60,0x64 irq 12
[    1.183905] mousedev: PS/2 mouse device common for all mice
[    1.185890] rtc_cmos rtc_cmos: rtc core: registered rtc_cmos as rtc0
[    1.188107] input: AT Translated Set 2 keyboard as /devices/platform/i8042/serio0/input/input2
[    1.190514] rtc_cmos rtc_cmos: alarms up to one day, 114 bytes nvram
[    1.192179] i2c /dev entries driver
[    1.193297] device-mapper: uevent: version 1.0.3
[    1.195206] device-mapper: ioctl: 4.34.0-ioctl (2015-10-28) initialised: dm-devel@redhat.com
[    1.197404] ledtrig-cpu: registered to indicate activity on CPUs
[    1.201170] NET: Registered protocol family 10
[    1.203765] NET: Registered protocol family 17
[    1.205980] Key type dns_resolver registered
[    1.208976] registered taskstats version 1
[    1.210700] Loading compiled-in X.509 certificates
[    1.213301] Loaded X.509 cert 'Build time autogenerated kernel key: f33c437cc9123d9712070bdfe932b55b24c56047'
[    1.216299] zswap: loaded using pool lzo/zbud
[    1.219682] Key type trusted registered
[    1.224445] Key type encrypted registered
[    1.225902] AppArmor: AppArmor sha1 policy hashing enabled
[    1.227516] ima: No TPM chip found, activating TPM-bypass!
[    1.228996] ima: Allocated hash algorithm: sha1
[    1.230420] evm: HMAC attrs: 0x1
[    1.232007]   Magic number: 8:937:85
[    1.233173] rtc_cmos rtc_cmos: setting system clock to 2020-06-23 16:05:01 UTC (1592928301)
[    1.235680] BIOS EDD facility v0.16 2004-Jun-25, 0 devices found
[    1.237290] EDD information not available.
[    1.516525] Freeing unused kernel memory: 1488K
[    1.517786] Write protecting the kernel read-only data: 14336k
[    1.519785] Freeing unused kernel memory: 1604K
[    1.521163] Freeing unused kernel memory: 60K
Loading, please wait...
starting version 229
[    1.543679] random: systemd-udevd: uninitialized urandom read (16 bytes read, 2 bits of entropy available)
[    1.544630] random: udevadm: uninitialized urandom read (16 bytes read, 2 bits of entropy available)
[    1.544669] random: udevadm: uninitialized urandom read (16 bytes read, 2 bits of entropy available)
[    1.560536] random: systemd-udevd: uninitialized urandom read (16 bytes read, 2 bits of entropy available)
[    1.563871] random: udevadm: uninitialized urandom read (16 bytes read, 2 bits of entropy available)
[    1.563942] random: udevadm: uninitialized urandom read (16 bytes read, 2 bits of entropy available)
[    1.564681] random: udevadm: uninitialized urandom read (16 bytes read, 2 bits of entropy available)
[    1.564778] random: udevadm: uninitialized urandom read (16 bytes read, 2 bits of entropy available)
[    1.564942] random: udevadm: uninitialized urandom read (16 bytes read, 2 bits of entropy available)
[    1.565152] random: udevadm: uninitialized urandom read (16 bytes read, 2 bits of entropy available)
[    1.676691] e1000: Intel(R) PRO/1000 Network Driver - version 7.3.21-k8-NAPI
[    1.678833] e1000: Copyright (c) 1999-2006 Intel Corporation.
[    1.686487] Fusion MPT base driver 3.04.20
[    1.688262] Copyright (c) 1999-2008 LSI Corporation
[    1.705339] AVX2 version of gcm_enc/dec engaged.
[    1.707426] AES CTR mode by8 optimization enabled
[    1.730106] Fusion MPT SPI Host driver 3.04.20
[    1.901187] input: ImExPS/2 Generic Explorer Mouse as /devices/platform/i8042/serio1/input/input4
[    2.118690] e1000 0000:00:03.0 eth0: (PCI:33MHz:32-bit) 02:7c:3b:f4:17:68
[    2.120736] e1000 0000:00:03.0 eth0: Intel(R) PRO/1000 Network Connection
[    3.075910] e1000 0000:00:08.0 eth1: (PCI:33MHz:32-bit) 08:00:27:00:00:d2
[    3.077726] e1000 0000:00:08.0 eth1: Intel(R) PRO/1000 Network Connection
[    3.081520] mptbase: ioc0: Initiating bringup
[    3.081853] e1000 0000:00:08.0 enp0s8: renamed from eth1
[    3.096187] e1000 0000:00:03.0 enp0s3: renamed from eth0
[    3.154588] ioc0: LSI53C1030 A0: Capabilities={Initiator}
[    3.323633] scsi host2: ioc0: LSI53C1030 A0, FwRev=00000000h, Ports=1, MaxQ=256, IRQ=20
[    3.443931] scsi 2:0:0:0: Direct-Access     VBOX     HARDDISK         1.0  PQ: 0 ANSI: 5
[    3.447953] scsi target2:0:0: Beginning Domain Validation
[    3.468228] scsi target2:0:0: Domain Validation skipping write tests
[    3.470157] scsi target2:0:0: Ending Domain Validation
[    3.471766] scsi target2:0:0: asynchronous
[    3.474067] scsi 2:0:1:0: Direct-Access     VBOX     HARDDISK         1.0  PQ: 0 ANSI: 5
[    3.476426] scsi target2:0:1: Beginning Domain Validation
[    3.478772] scsi target2:0:1: Domain Validation skipping write tests
[    3.480347] scsi target2:0:1: Ending Domain Validation
[    3.481702] scsi target2:0:1: asynchronous
[    3.492430] sd 2:0:0:0: [sda] 20971520 512-byte logical blocks: (10.7 GB/10.0 GiB)
[    3.494892] sd 2:0:0:0: Attached scsi generic sg0 type 0
[    3.497019] sd 2:0:1:0: [sdb] 20480 512-byte logical blocks: (10.5 MB/10.0 MiB)
[    3.499875] sd 2:0:1:0: Attached scsi generic sg1 type 0
[    3.500010] sd 2:0:0:0: [sda] Write Protect is off
[    3.504788] sd 2:0:0:0: [sda] Incomplete mode parameter data
[    3.507207] sd 2:0:0:0: [sda] Assuming drive cache: write through
[    3.509659] sd 2:0:1:0: [sdb] Write Protect is off
[    3.512560] sd 2:0:1:0: [sdb] Incomplete mode parameter data
[    3.514707] sd 2:0:1:0: [sdb] Assuming drive cache: write through
[    3.525521]  sda: sda1
[    3.529608] sd 2:0:0:0: [sda] Attached SCSI disk
[    3.532045] sd 2:0:1:0: [sdb] Attached SCSI disk
Begin: Loading essential drivers ... [    4.893884] md: linear personality registered for level -1
[    4.899530] md: multipath personality registered for level -4
[    4.905610] md: raid0 personality registered for level 0
[    4.914580] md: raid1 personality registered for level 1
[    4.986120] raid6: sse2x1   gen()  5047 MB/s
[    5.058192] raid6: sse2x1   xor()  2626 MB/s
[    5.126628] raid6: sse2x2   gen() 10583 MB/s
[    5.194149] raid6: sse2x2   xor()  7336 MB/s
[    5.262200] raid6: sse2x4   gen() 11569 MB/s
[    5.330298] raid6: sse2x4   xor()  7622 MB/s
[    5.398088] raid6: avx2x1   gen() 15210 MB/s
[    5.466346] raid6: avx2x2   gen() 17400 MB/s
[    5.535462] raid6: avx2x4   gen() 19556 MB/s
[    5.551760] raid6: using algorithm avx2x4 gen() 19556 MB/s
[    5.564784] raid6: using avx2x2 recovery algorithm
[    5.577668] xor: automatically using best checksumming function:
[    5.626873]    avx       : 24191.000 MB/sec
[    5.632293] async_tx: api initialized (async)
[    5.655848] md: raid6 personality registered for level 6
[    5.659753] md: raid5 personality registered for level 5
[    5.663053] md: raid4 personality registered for level 4
[    5.676805] md: raid10 personality registered for level 10
done.
Begin: Running /scripts/init-premount ... done.
Begin: Mounting root file system ... Begin: Running /scripts/local-top ... done.
Begin: Running /scripts/local-premount ... [    5.725426] Btrfs loaded
Scanning for Btrfs filesystems
done.
Warning: fsck not present, so skipping root file system
[    5.784455] EXT4-fs (sda1): mounted filesystem with ordered data mode. Opts: (null)
done.
Begin: Running /scripts/local-bottom ... done.
Begin: Running /scripts/init-bottom ... done.
[    5.954845] systemd[1]: systemd 229 running in system mode. (+PAM +AUDIT +SELINUX +IMA +APPARMOR +SMACK +SYSVINIT +UTMP +LIBCRYPTSETUP +GCRYPT +GNUTLS +ACL +XZ -LZ4 +SECCOMP +BLKID +ELFUTILS +KMOD -IDN)
[    5.961665] systemd[1]: Detected virtualization oracle.
[    5.963609] systemd[1]: Detected architecture x86-64.

Welcome to [1mUbuntu 16.04.6 LTS[0m!

[    5.969564] systemd[1]: Set hostname to <ubuntu>.
[    5.975461] systemd[1]: Initializing machine ID from random generator.
[    5.977660] systemd[1]: Installed transient /etc/machine-id file.
[    6.209548] systemd[1]: Listening on Device-mapper event daemon FIFOs.
[[0;32m  OK  [0m] Listening on Device-mapper event daemon FIFOs.
[    6.214622] systemd[1]: Listening on Journal Socket.
[[0;32m  OK  [0m] Listening on Journal Socket.
[    6.217636] systemd[1]: Listening on udev Kernel Socket.
[[0;32m  OK  [0m] Listening on udev Kernel Socket.
[    6.221003] systemd[1]: Created slice User and Session Slice.
[[0;32m  OK  [0m] Created slice User and Session Slice.
[    6.224234] systemd[1]: Listening on LVM2 poll daemon socket.
[[0;32m  OK  [0m] Listening on LVM2 poll daemon socket.
[    6.227505] systemd[1]: Listening on LVM2 metadata daemon socket.
[[0;32m  OK  [0m] Listening on LVM2 metadata daemon socket.
[    6.230875] systemd[1]: Listening on /dev/initctl Compatibility Named Pipe.
[[0;32m  OK  [0m] Listening on /dev/initctl Compatibility Named Pipe.
[    6.234530] systemd[1]: Listening on udev Control Socket.
[[0;32m  OK  [0m] Listening on udev Control Socket.
[    6.237627] systemd[1]: Listening on Journal Socket (/dev/log).
[[0;32m  OK  [0m] Listening on Journal Socket (/dev/log).
[    6.240842] systemd[1]: Reached target Swap.
[[0;32m  OK  [0m] Reached target Swap.
[    6.243357] systemd[1]: Reached target System Time Synchronized.
[[0;32m  OK  [0m] Reached target System Time Synchronized.
[    6.246768] systemd[1]: Reached target Encrypted Volumes.
[[0;32m  OK  [0m] Reached target Encrypted Volumes.
[    6.250294] systemd[1]: Listening on Syslog Socket.
[[0;32m  OK  [0m] Listening on Syslog Socket.
[    6.262794] systemd[1]: Set up automount Arbitrary Executable File Formats File System Automount Point.
[[0;32m  OK  [0m] Set up automount Arbitrary Executab...ats File System Automount Point.
[    6.268295] systemd[1]: Listening on Journal Audit Socket.
[[0;32m  OK  [0m] Listening on Journal Audit Socket.
[    6.271235] systemd[1]: Created slice System Slice.
[[0;32m  OK  [0m] Created slice System Slice.
[    6.286934] systemd[1]: Starting Uncomplicated firewall...
         Starting Uncomplicated firewall...
[    6.291806] systemd[1]: Reached target Slices.
[[0;32m  OK  [0m] Reached target Slices.
[    6.295330] systemd[1]: Starting Nameserver information manager...
         Starting Nameserver information manager...
[    6.299970] systemd[1]: Starting Set console keymap...
         Starting Set console keymap...
[    6.304875] systemd[1]: Created slice system-serial\x2dgetty.slice.
[[0;32m  OK  [0m] Created slice system-serial\x2dgetty.slice.
[    6.322744] systemd[1]: Mounting Debug File System...
         Mounting Debug File System...
[    6.327815] systemd[1]: Mounting Huge Pages File System...
         Mounting Huge Pages File System...
[    6.332199] systemd[1]: Starting Create list of required static device nodes for the current kernel...
         Starting Create list of required st... nodes for the current kernel...
[    6.337844] systemd[1]: Reached target User and Group Name Lookups.
[[0;32m  OK  [0m] Reached target User and Group Name Lookups.
[    6.343414] systemd[1]: Mounting POSIX Message Queue File System...
         Mounting POSIX Message Queue File System...
[    6.347526] systemd[1]: Started Trigger resolvconf update for networkd DNS.
[[0;32m  OK  [0m] Started Trigger resolvconf update for networkd DNS.
[    6.355271] systemd[1]: Starting Load Kernel Modules...
         Starting Load Kernel Modules...
[    6.359746] systemd[1]: Started Forward Password Requests to Wall Directory Watch.
[[0;32m  OK  [0m] Started Forward Password Requests to Wall Directory Watch.
[    6.367554] systemd[1]: Starting Journal Service...
         Starting Journal Service...
[    6.371355] systemd[1]: Starting Remount Root and Kernel File Systems...
[    6.373970] Loading iSCSI transport class v2.0-870.
         Starting Remount Root and Kernel File Systems...
[    6.377716] systemd[1]: Starting Monitoring of LVM2 mirrors, snapshots etc. using dmeventd or progress polling...
[    6.382623] EXT4-fs (sda1): re-mounted. Opts: (null)
         Starting Monitoring of LVM2 mirrors... dmeventd or progress polling...
[    6.389830] systemd[1]: Mounted POSIX Message Queue File System.
[[0;32m  OK  [0m] Mounted POSIX Message Queue File System.
[    6.395286] systemd[1]: Mounted Huge Pages File System.
[[0;32m  OK  [0m] Mounted Huge Pages File System.
[    6.399411] systemd[1]: Mounted Debug File System.
[[0;32m  OK  [0m] Mounted Debug File System.
[    6.410694] systemd[1]: Started Uncomplicated firewall.
[[0;32m  OK  [0m] Started Uncomplicated firewall.
[    6.417977] iscsi: registered transport (tcp)
[    6.427237] systemd[1]: Started Set console keymap.
[[0;32m  OK  [0m] Started Set console keymap.
[    6.431419] systemd[1]: Started Create list of required static device nodes for the current kernel.
[[0;32m  OK  [0m] Started Create list of required sta...ce nodes for the current kernel.
[    6.437777] systemd[1]: Started Remount Root and Kernel File Systems.
[[0;32m  OK  [0m] Started Remount Root and Kernel File Systems.
[    6.442623] systemd[1]: Started Nameserver information manager.
[[0;32m  OK  [0m] Started Nameserver information manager.
[    6.453016] systemd[1]: Started Journal Service.
[[0;32m  OK  [0m] Started Journal Service.
[[0;32m  OK  [0m] Started LVM2 metadata daemon.
         Starting Load/Save Random Seed...
         Starting udev Coldplug all Devices...
         Starting Flush Journal to Persistent Storage...
         Starting Create Static Device Nodes in /dev...
[[0;32m  OK  [0m] Started Load/Save Random Seed.
[    6.493188] iscsi: registered transport (iser)
[    6.494780] systemd-journald[391]: Received request to flush runtime journal from PID 1
[[0;32m  OK  [0m] Started Load Kernel Modules.
[[0;32m  OK  [0m] Started Flush Journal to Persistent Storage.
         Mounting FUSE Control File System...
         Starting Apply Kernel Variables...
[[0;32m  OK  [0m] Mounted FUSE Control File System.
[[0;32m  OK  [0m] Started Create Static Device Nodes in /dev.
         Starting udev Kernel Device Manager...
[[0;32m  OK  [0m] Started Apply Kernel Variables.
[[0;32m  OK  [0m] Started udev Kernel Device Manager.
[[0;32m  OK  [0m] Started udev Coldplug all Devices.
[[0;32m  OK  [0m] Started Dispatch Password Requests to Console Directory Watch.
[[0;32m  OK  [0m] Started Monitoring of LVM2 mirrors,...ng dmeventd or progress polling.
[[0;32m  OK  [0m] Reached target Local File Systems (Pre).
[[0;32m  OK  [0m] Reached target Local File Systems.
         Starting Create Volatile Files and Directories...
         Starting Tell Plymouth To Write Out Runtime Data...
         Starting Set console font and keymap...
         Starting Commit a transient machine-id on disk...
         Starting LSB: AppArmor initialization...
         Starting Initial cloud-init job (pre-networking)...
[[0;32m  OK  [0m] Started Create Volatile Files and Directories.
         Starting Update UTMP about System Boot/Shutdown...
[[0;32m  OK  [0m] Started Tell Plymouth To Write Out Runtime Data.
[[0;32m  OK  [0m] Started Update UTMP about System Boot/Shutdown.
[[0;32m  OK  [0m] Started Commit a transient machine-id on disk.
[[0;32m  OK  [0m] Found device /dev/ttyS0.
[[0;32m  OK  [0m] Listening on Load/Save RF Kill Switch Status /dev/rfkill Watch.
[    8.105973] cloud-init[[0;32m  OK  [0m] Started LSB: AppArmor initialization.
[493]: Cloud-init v. 19.4-33-gbb4131a2-0ubuntu1~16.04.1 running 'init-local' at Tue, 23 Jun 2020 16:05:08 +0000. Up 7.59 seconds.
[[0;32m  OK  [0m] Started Initial cloud-init job (pre-networking).
[[0;32m  OK  [0m] Reached target Network (Pre).
         Starting Raise network interfaces...
[[0;32m  OK  [0m] Started Set console font and keymap.
[[0;32m  OK  [0m] Created slice system-getty.slice.
[[0;32m  OK  [0m] Started Raise network interfaces.
         Starting Initial cloud-init job (metadata service crawler)...
[[0;32m  OK  [0m] Reached target Network.
[   10.284282] cloud-init[969]: Cloud-init v. 19.4-33-gbb4131a2-0ubuntu1~16.04.1 running 'init' at Tue, 23 Jun 2020 16:05:09 +0000. Up 9.47 seconds.
[   10.288337] cloud-init[969]: ci-info: ++++++++++++++++++++++++++++++++++++++Net device info+++++++++++++++++++++++++++++++++++++++
[   10.293206] cloud-init[969]: ci-info: +--------+-------+----------------------------+---------------+--------+-------------------+
[   10.297768] cloud-init[969]: ci-info: | Device |   Up  |          Address           |      Mask     | Scope  |     Hw-Address    |
[   10.309602] cloud-init[969]: ci-info: +--------+-------+----------------------------+---------------+--------+-------------------+
[   10.315352] cloud-init[969]: ci-info: | enp0s3 |  True |         10.0.2.15          | 255.255.255.0 | global | 02:7c:3b:f4:17:68 |
[   10.320513] cloud-init[969]: ci-info: | enp0s3 |  True | fe80::7c:3bff:fef4:1768/64 |       .       |  link  | 02:7c:3b:f4:17:68 |
[   10.325779] cloud-init[969]: ci-info: | enp0s8 | False |             .              |       .       |   .    | 08:00:27:00:00:d2 |
[   10.330997] cloud-init[969]: ci-info: |   lo   |  True |         127.0.0.1          |   255.0.0.0   |  host  |         .         |
[   10.335969] cloud-init[969]: ci-info: |   lo   |  True |          ::1/128           |       .       |  host  |         .         |
[   10.348833] cloud-init[969]: ci-info: +--------+-------+----------------------------+---------------+--------+-------------------+
[   10.353012] cloud-init[969]: ci-info: +++++++++++++++++++++++++++Route IPv4 info++++++++++++++++++++++++++++
[   10.357323] cloud-init[969]: ci-info: +-------+-------------+----------+---------------+-----------+-------+
[   10.362066] cloud-init[969]: ci-info: | Route | Destination | Gateway  |    Genmask    | Interface | Flags |
[   10.366855] cloud-init[969]: ci-info: +-------+-------------+----------+---------------+-----------+-------+
[   10.370928] cloud-init[969]: ci-info: |   0   |   0.0.0.0   | 10.0.2.2 |    0.0.0.0    |   enp0s3  |   UG  |
[   10.375392] cloud-init[969]: ci-info: |   1   |   10.0.2.0  | 0.0.0.0  | 255.255.255.0 |   enp0s3  |   U   |
[   10.379316] cloud-init[969]: ci-info: +-------+-------------+----------+---------------+-----------+-------+
[   10.383872] cloud-init[969]: ci-info: +++++++++++++++++++Route IPv6 info+++++++++++++++++++
[   10.393105] cloud-init[969]: ci-info: +-------+-------------+---------+-----------+-------+
[   10.396708] cloud-init[969]: ci-info: | Route | Destination | Gateway | Interface | Flags |
[   10.400485] cloud-init[969]: ci-info: +-------+-------------+---------+-----------+-------+
[   10.404381] cloud-init[969]: ci-info: |   0   |  fe80::/64  |    ::   |   enp0s3  |   U   |
[   10.409641] cloud-init[969]: ci-info: |   3   |   ff00::/8  |    ::   |   enp0s3  |   U   |
[   10.413645] cloud-init[969]: ci-info: +-------+-------------+---------+-----------+-------+
[   10.418202] cloud-init[969]: Generating public/private rsa key pair.
[   10.421085] cloud-init[969]: Your identification has been saved in /etc/ssh/ssh_host_rsa_key.
[   10.424867] cloud-init[969]: Your public key has been saved in /etc/ssh/ssh_host_rsa_key.pub.
[   10.430723] cloud-init[969]: The key fingerprint is:
[   10.432957] cloud-init[969]: SHA256:yt6Oov+VAuYJIEQmnBeeBNkWd6A5DRcR1kGugG7ZynY root@ubuntu-xenial
[   10.436132] cloud-init[969]: The key's randomart image is:
[   10.441094] cloud-init[969]: +---[RSA 2048]----+
[   10.445266] cloud-init[969]: |+===oOB+.        |
[   10.449575] cloud-init[969]: |++++X o.         |
[   10.451694] cloud-init[969]: |o.oB . .         |
[   10.455353] cloud-init[969]: |o.o o .          |
[   10.459111] cloud-init[969]: | +..o.  S        |
[   10.469267] cloud-init[969]: |o .+ + . .       |
[   10.472385] cloud-init[969]: | + Eo + o        |
[   10.475958] cloud-init[969]: |. . .. =         |
[   10.478777] cloud-init[969]: |  .o.o+.o        |
[   10.480949] cloud-init[969]: +----[SHA256]-----+
[   10.483337] cloud-init[969]: Generating public/private dsa key pair.
[   10.492952] cloud-init[969]: Your identification has been saved in /etc/ssh/ssh_host_dsa_key.
[   10.506119] cloud-init[969]: Your public key has been saved in /etc/ssh/ssh_host_dsa_key.pub.
[   10.511991] cloud-init[969]: The key fingerprint is:
[   10.513894] cloud-init[969]: SHA256:mI5eT8dHY/Dpme2gNn5RSqxWHSCvqbY3DDS4m9+0++M root@ubuntu-xenial
[   10.517238] cloud-init[969]: The key's randomart image is:
[   10.522983] cloud-init[969]: +---[DSA 1024]----+
[   10.527101] cloud-init[969]: |          . ..   |
[   10.529929] cloud-init[969]: |           o  .  |
[[0;32m  OK  [0m] Started Initial cloud-init job (metadata service crawler).
[   10.532528] cloud-init[969]: |       .  .... . |
[   10.536377] cloud-init[969]: |      .oo  =+.o  |
[[0;32m  OK  [0m] Reached target Cloud-config availability.
[[0;32m  OK  [0m] Reached target Network is Online.
[   10.539409] cloud-init[969]: |      ooS.o+*o   |
[   10.553512] cloud-init[969]: |     o. .oo+o=   |
[   10.555206] cloud-init[969]: |    . oo+++ *..  |
[   10.557602] cloud-init[969]: |   . .o+ =*+oo   |
         Starting iSCSI initiator daemon (iscsid)...
[[0;32m  OK  [0m] Reached target System Initialization.
[   10.571332] cloud-init[[0;32m  OK  [0m] Started Daily apt download activities.
[[0;32m  OK  [0m] Started Daily apt upgrade and clean activities.
         Starting Socket activation for snappy daemon.
[[0;32m  OK  [0m] Listening on D-Bus System Message Bus Socket.
[[0;32m  OK  [0m] Listening on ACPID Listen Socket.
[969]: |    .  .++*BE..  |
[   10.618128] cloud-init[969]: +----[SHA256]-----+
         Starting LXD - unix socket.
[   10.621377] cloud-init[969]: Generating public/private ecdsa key pair.
[[0;32m  OK  [0m] Started ACPI Events Check.
[[0;32m  OK  [0m] Reached target Paths.
[[0;32m  OK  [0m] Started Daily Cleanup of Temporary Directories.
[   10.633101] cloud-init[969]: Your identification has been saved in /etc/ssh/ssh_host_ecdsa_key.
[[0;32m  OK  [0m] Listening on UUID daemon activation socket.
[   10.648004] [cloud-init[0;32m  OK  [0m[969]: ] Your public key has been saved in /etc/ssh/ssh_host_ecdsa_key.pub.Started Message of the Day.

[[0;32m  OK  [0m] Reached target Timers.
[   10.651038] cloud-init[969]: The key fingerprint is:
[   10.661034] cloud-init[969]: SHA256:38b4TAKWDX4LUJN74Dn+GXR+5lkMzEJyVZHFgcatbN4 root@ubuntu-xenial
[[0;32m  OK  [0m] Listening on Socket activation for snappy daemon.
[   10.668891] [cloud-init[0;32m  OK  [0m[969]: ] The key's randomart image is:Listening on LXD - unix socket.

[   10.674968] cloud-init[969]: +---[ECDSA 256]---+
[[0;32m  OK  [0m] Reached target Sockets.
[   10.676989] cloud-init[969]: |        o.  ..+=B|
[[0;32m  OK  [0m] Reached target Basic System.
[   10.679132]          Starting LSB: MD monitoring daemon...
cloud-init         [969]: Starting Accounts Service...|       .o.. o+ o.|

[   10.695659]          Starting LSB: Record successful boot for GRUB...
cloud-init[969]: |      ...+ +oo.  |
[[0;32m  OK  [0m] Started Deferred execution scheduler.
[   10.710054] cloud-init         Starting LXD - container startup/shutdown...
[969]: |       o=+o o++  |
[   10.721742] [[0;32m  OK  [0m] Started Regular background program processing daemon.
cloud-init[969]: |       .S+ooo..o |
[   10.725460] cloud-init[[0;32m  OK  [0m] Started ACPI event daemon.
[969]: |       ..=.=..oEo|
[   10.730368]          cloud-initStarting /etc/rc.local Compatibility...[969]: 
|         .=o=+ o |
[   10.746036]          cloud-initStarting Virtualbox guest utils...[969]: 
|          o*  o  |
         Starting Login Service...
[   10.750253] cloud-init[969]: |            o    |
[[0;32m  OK  [0m] Started D-Bus System Message Bus.
[   10.761375] cloud-init[969]: +----[SHA256]-----+
[   10.766043] cloud-init[969]: Generating public/private ed25519 key pair.
[   10.814521] cloud-init[969]: Your identification has been saved in /etc/ssh/ssh_host_ed25519_key.
[   10.824714] cloud-init[969]: Your public key has been saved in /etc/ssh/ssh_host_ed25519_key.pub.
[   10.829105] cloud-init[969]: The key fingerprint is:
[   10.832049] cloud-init[969]: SHA256:F6Taf8J6M8BzRhGPNj5tT1y7wknnUy3kC5XZ/lmr1ho root@ubuntu-xenial
[   10.841641] cloud-init[969]: The key's randomart image is:
[   10.849035] cloud-init[969]: +--[ED25519 256]--+
[   10.851693] cloud-init[969]: |          o.     |
[   10.855644] cloud-init[969]: |         o.o   + |
[   10.863254] cloud-init[969]: |        . =.. = o|
[   10.865912] cloud-init[969]: |       o o.+ = oo|
[   10.870583] cloud-init[969]: |      ..S.+ +.=o=|
[   10.883690] cloud-init[969]: |        ++ooo++oB|
[   10.895673] cloud-init[969]: |         =+ .E+*.|
[   10.898893] cloud-init[969]: |         .+o .+..|
         Starting Pollinate to seed the pseudo random number generator...
[[0;32m  OK  [0m] Started FUSE filesystem for LXC.
         Starting System Logging Service...
         Starting Snappy daemon...
[[0;32m  OK  [0m] Started iSCSI initiator daemon (iscsid).
[[0;32m  OK  [0m] Started /etc/rc.local Compatibility.
[[0;32m  OK  [0m] Started System Logging Service.
[   10.911909] cloud-init[969]: |        .. o.o.  |
[   10.996298]          Starting Authenticate and Authorize Users to Run Privileged Tasks...
cloud-init[969]: +----[SHA256]-----+
         Starting Login to default iSCSI targets...
[[0;32m  OK  [0m] Started Login Service.
[[0;32m  OK  [0m] Started Unattended Upgrades Shutdown.
[[0;32m  OK  [0m] Started LSB: MD monitoring daemon.
[[0;32m  OK  [0m] Started LSB: Record successful boot for GRUB.
[[0;32m  OK  [0m] Started Login to default iSCSI targets.
[[0;32m  OK  [0m] Reached target Remote File Systems (Pre).
[[0;32m  OK  [0m] Reached target Remote File Systems.
         Starting Permit User Sessions...
         Starting LSB: Set the CPU Frequency Scaling governor to "ondemand"...
         Starting LSB: automatic crash report generation...
         Starting LSB: daemon to balance interrupts for SMP systems...
[[0;32m  OK  [0m] Started Authenticate and Authorize Users to Run Privileged Tasks.
[[0;32m  OK  [0m] Started Permit User Sessions.
[[0;32m  OK  [0m] Started Accounts Service.
         Starting Hold until boot process finishes up...
         Starting Terminate Plymouth Boot Screen...
[[0;32m  OK  [0m] Started LXD - container startup/shutdown.
[[0;32m  OK  [0m] Started Hold until boot process finishes up.
[[0;32m  OK  [0m] Started Terminate Plymouth Boot Screen.
[[0;32m  OK  [0m] Started Serial Getty on ttyS0.
         Starting Set console scheme...
[[0;32m  OK  [0m] Started Getty on tty1.
[[0;32m  OK  [0m] Reached target Login Prompts.
[[0;32m  OK  [0m] Started Set console scheme.
[[0;32m  OK  [0m] Started LSB: Set the CPU Frequency Scaling governor to "ondemand".
[[0;32m  OK  [0m] Started Virtualbox guest utils.
[[0;32m  OK  [0m] Started LSB: automatic crash report generation.
[[0;32m  OK  [0m] Started LSB: daemon to balance interrupts for SMP systems.
[[0;32m  OK  [0m] Started Snappy daemon.
         Starting Wait until snapd is fully seeded...
[[0;32m  OK  [0m] Started Pollinate to seed the pseudo random number generator.
         Starting OpenBSD Secure Shell server...
[[0;32m  OK  [0m] Started OpenBSD Secure Shell server.
[[0;32m  OK  [0m] Created slice User Slice of vagrant.
         Starting User Manager for UID 1000...
[[0;32m  OK  [0m] Started Session 1 of user vagrant.
[[0;32m  OK  [0m] Started User Manager for UID 1000.
[[0;32m  OK  [0m] Started Wait until snapd is fully seeded.
[[0;32m  OK  [0m] Reached target Multi-User System.
[[0;32m  OK  [0m] Reached target Graphical Interface.
         Starting Update UTMP about System Runlevel Changes...
         Starting Apply the settings specified in cloud-config...
[[0;32m  OK  [0m] Started Update UTMP about System Runlevel Changes.
[   15.938811] cloud-init[1439]: Generating locales (this might take a while)...

Ubuntu 16.04.6 LTS ubuntu-xenial ttyS0

ubuntu-xenial login: [   17.610459] cloud-init[1439]:   en_US.UTF-8... done
[   17.613086] cloud-init[1439]: Generation complete.
[   18.244968] cloud-init[1439]: Cloud-init v. 19.4-33-gbb4131a2-0ubuntu1~16.04.1 running 'modules:config' at Tue, 23 Jun 2020 16:05:16 +0000. Up 15.78 seconds.
ci-info: no authorized SSH keys fingerprints found for user ubuntu.
<14>Jun 23 16:05:19 ec2: 
<14>Jun 23 16:05:19 ec2: #############################################################
<14>Jun 23 16:05:19 ec2: -----BEGIN SSH HOST KEY FINGERPRINTS-----
<14>Jun 23 16:05:19 ec2: 1024 SHA256:mI5eT8dHY/Dpme2gNn5RSqxWHSCvqbY3DDS4m9+0++M root@ubuntu-xenial (DSA)
<14>Jun 23 16:05:19 ec2: 256 SHA256:38b4TAKWDX4LUJN74Dn+GXR+5lkMzEJyVZHFgcatbN4 root@ubuntu-xenial (ECDSA)
<14>Jun 23 16:05:19 ec2: 256 SHA256:F6Taf8J6M8BzRhGPNj5tT1y7wknnUy3kC5XZ/lmr1ho root@ubuntu-xenial (ED25519)
<14>Jun 23 16:05:19 ec2: 2048 SHA256:yt6Oov+VAuYJIEQmnBeeBNkWd6A5DRcR1kGugG7ZynY root@ubuntu-xenial (RSA)
<14>Jun 23 16:05:19 ec2: -----END SSH HOST KEY FINGERPRINTS-----
<14>Jun 23 16:05:19 ec2: #############################################################
-----BEGIN SSH HOST KEY KEYS-----
ecdsa-sha2-nistp256 AAAAE2VjZHNhLXNoYTItbmlzdHAyNTYAAAAIbmlzdHAyNTYAAABBBLHQfJEHCq5sSFXfvOsXaKC8si4ZgXaYaCugrxdVmVC5+5BkDQ9kZZaHrkEaC6gYouwUykNA4+nolkG7HReYgKY= root@ubuntu-xenial
ssh-ed25519 AAAAC3NzaC1lZDI1NTE5AAAAIImtH6uj5PBQvIfR6gOOFX96xu3owp8loF28iWHPkwBG root@ubuntu-xenial
ssh-rsa AAAAB3NzaC1yc2EAAAADAQABAAABAQDQ8mG5WGdLR8Wyh0Z6fv3U6CXnGfbB5a4wKu6E7loYoZ5pAvhZXCOQy/S7iCe4RsdmNHVYY8t2OR5NZUkViWcxclWeRgQl8ACV33fPPJNTIdF9wSxB81zb/KdB8e0tTAn6ZV/yaUxLGfoUQKKxWiuDwxnqq00nL8QHCtGFilYsTWUjsUSjcwbJQBAW1yYX0HTU5KzEkjZ2la7AUfQIaWwPK2vNpqc4DWvf0XL/4Pg3Pe98kI+q+59ygVOnxrvxnfkxHWf+woXb49qmBnd3YXoKVvH+HwdhtzRjSJm9gZelelBo9cGwkYhyq+1J9OLR3cYzFzmzuuVqpyPQEHngrUYH root@ubuntu-xenial
-----END SSH HOST KEY KEYS-----
[   19.357413] cloud-init[1735]: Cloud-init v. 19.4-33-gbb4131a2-0ubuntu1~16.04.1 running 'modules:final' at Tue, 23 Jun 2020 16:05:19 +0000. Up 19.03 seconds.
[   19.364576] cloud-init[1735]: ci-info: no authorized SSH keys fingerprints found for user ubuntu.
[   19.379829] cloud-init[1735]: Cloud-init v. 19.4-33-gbb4131a2-0ubuntu1~16.04.1 finished at Tue, 23 Jun 2020 16:05:19 +0000. Datasource DataSourceNoCloud [seed=/dev/sdb][dsmode=net].  Up 19.26 seconds
